<?xml version="1.0" encoding="UTF-8"?>
<!-- Generated by org.testng.reporters.JUnitReportReporter -->
<testsuite hostname="DESKTOP-3HDS7VK" failures="0" tests="2" name="data.provider.FacebookLogInUsingDataProvider" time="6.492" errors="0" timestamp="2021-02-09T21:14:43 IST" skipped="0">
  <testcase classname="data.provider.FacebookLogInUsingDataProvider" name="testCase" time="1.904"/>
  <system-out/>
  <testcase classname="data.provider.FacebookLogInUsingDataProvider" name="testCase" time="4.588"/>
  <system-out/>
</testsuite> <!-- data.provider.FacebookLogInUsingDataProvider -->
