<?xml version="1.0" encoding="UTF-8"?>
<!-- Generated by org.testng.reporters.JUnitReportReporter -->
<testsuite hostname="DESKTOP-3HDS7VK" failures="0" tests="2" name="data.provider.FaceBook" time="53.297" errors="0" timestamp="2021-02-11T16:16:28 IST" skipped="0">
  <testcase classname="data.provider.FaceBook" name="browserlaunch" time="52.655"/>
  <system-out/>
  <testcase classname="data.provider.FaceBook" name="logIn" time="0.642"/>
  <system-out/>
</testsuite> <!-- data.provider.FaceBook -->
